<?xml version="1.0" encoding="UTF-8"?>
<!-- Generated by org.testng.reporters.JUnitXMLReporter -->
<testsuite hostname="DIAMOND-QA51L" name="Car loan" tests="5" failures="0" timestamp="13 Sep 2022 18:07:09 GMT" time="0.088" errors="0">
  <testcase name="APILoginCarLoan" time="0.009" classname="testNGTutorial.day3"/>
  <testcase name="WebLoginCarLoan" time="0.003" classname="testNGTutorial.day3"/>
  <testcase name="padLoginCarLoan" time="0.011" classname="testNGTutorial.day3"/>
  <testcase name="padLoginCarLoan" time="0.006" classname="testNGTutorial.day3"/>
  <testcase name="padLoginCarLoan" time="0.003" classname="testNGTutorial.day3"/>
</testsuite> <!-- Car loan -->
