<?xml version="1.0" encoding="UTF-8"?>
<!-- Generated by org.testng.reporters.JUnitXMLReporter -->
<testsuite hostname="DIAMOND-QA51L" name="Personal Loan" tests="3" failures="0" timestamp="12 Sep 2022 14:31:29 GMT" time="0.059" errors="0">
  <testcase name="ploan3" time="0.013" classname="testNGTutorial.day2"/>
  <testcase name="APILoginHomeLoan" time="0.008" classname="testNGTutorial.day4"/>
  <testcase name="WebLoginCarLoan" time="0.007" classname="testNGTutorial.day3"/>
</testsuite> <!-- Personal Loan -->
