<?xml version="1.0" encoding="UTF-8"?>
<!-- Generated by org.testng.reporters.JUnitXMLReporter -->
<testsuite hostname="DIAMOND-QA51L" name="Default test" tests="3" failures="0" timestamp="12 Sep 2022 17:26:40 GMT" time="0.055" errors="0">
  <testcase name="ploan2" time="0.006" classname="testNGTutorial.day2"/>
  <testcase name="ploan3" time="0.002" classname="testNGTutorial.day2"/>
  <testcase name="perloan4" time="0.002" classname="testNGTutorial.day2"/>
</testsuite> <!-- Default test -->
