<?xml version="1.0" encoding="UTF-8"?>
<testng-results skipped="0" failed="0" total="3" passed="3">
  <reporter-output>
  </reporter-output>
  <suite name="Default suite" duration-ms="55" started-at="2022-09-12T17:26:40Z" finished-at="2022-09-12T17:26:40Z">
    <groups>
      <group name="Smoke">
        <method signature="day2.ploan3()[pri:0, instance:testNGTutorial.day2@2ed0fbae]" name="ploan3" class="testNGTutorial.day2"/>
      </group> <!-- Smoke -->
    </groups>
    <test name="Default test" duration-ms="55" started-at="2022-09-12T17:26:40Z" finished-at="2022-09-12T17:26:40Z">
      <class name="testNGTutorial.day2">
        <test-method status="PASS" signature="beforeSuite()[pri:0, instance:testNGTutorial.day2@2ed0fbae]" name="beforeSuite" is-config="true" duration-ms="11" started-at="2022-09-12T22:56:40Z" finished-at="2022-09-12T22:56:40Z">
          <reporter-output>
          </reporter-output>
        </test-method> <!-- beforeSuite -->
        <test-method status="PASS" signature="beforeTest()[pri:0, instance:testNGTutorial.day2@2ed0fbae]" name="beforeTest" is-config="true" duration-ms="0" started-at="2022-09-12T22:56:40Z" finished-at="2022-09-12T22:56:40Z">
          <reporter-output>
          </reporter-output>
        </test-method> <!-- beforeTest -->
        <test-method status="PASS" signature="beforeClass()[pri:0, instance:testNGTutorial.day2@2ed0fbae]" name="beforeClass" is-config="true" duration-ms="0" started-at="2022-09-12T22:56:40Z" finished-at="2022-09-12T22:56:40Z">
          <reporter-output>
          </reporter-output>
        </test-method> <!-- beforeClass -->
        <test-method status="PASS" signature="beforeMethod()[pri:0, instance:testNGTutorial.day2@2ed0fbae]" name="beforeMethod" is-config="true" duration-ms="13" started-at="2022-09-12T22:56:40Z" finished-at="2022-09-12T22:56:40Z">
          <reporter-output>
          </reporter-output>
        </test-method> <!-- beforeMethod -->
        <test-method status="PASS" signature="ploan2()[pri:0, instance:testNGTutorial.day2@2ed0fbae]" name="ploan2" duration-ms="6" started-at="2022-09-12T22:56:40Z" finished-at="2022-09-12T22:56:40Z">
          <reporter-output>
          </reporter-output>
        </test-method> <!-- ploan2 -->
        <test-method status="PASS" signature="afterMethod()[pri:0, instance:testNGTutorial.day2@2ed0fbae]" name="afterMethod" is-config="true" duration-ms="6" started-at="2022-09-12T22:56:40Z" finished-at="2022-09-12T22:56:40Z">
          <reporter-output>
          </reporter-output>
        </test-method> <!-- afterMethod -->
        <test-method status="PASS" signature="ploan3()[pri:0, instance:testNGTutorial.day2@2ed0fbae]" name="ploan3" duration-ms="2" started-at="2022-09-12T22:56:40Z" finished-at="2022-09-12T22:56:40Z">
          <reporter-output>
          </reporter-output>
        </test-method> <!-- ploan3 -->
        <test-method status="PASS" signature="beforeMethod()[pri:0, instance:testNGTutorial.day2@2ed0fbae]" name="beforeMethod" is-config="true" duration-ms="0" started-at="2022-09-12T22:56:40Z" finished-at="2022-09-12T22:56:40Z">
          <reporter-output>
          </reporter-output>
        </test-method> <!-- beforeMethod -->
        <test-method status="PASS" signature="afterMethod()[pri:0, instance:testNGTutorial.day2@2ed0fbae]" name="afterMethod" is-config="true" duration-ms="1" started-at="2022-09-12T22:56:40Z" finished-at="2022-09-12T22:56:40Z">
          <reporter-output>
          </reporter-output>
        </test-method> <!-- afterMethod -->
        <test-method status="PASS" signature="perloan4()[pri:0, instance:testNGTutorial.day2@2ed0fbae]" name="perloan4" duration-ms="2" started-at="2022-09-12T22:56:40Z" depends-on-methods="testNGTutorial.day2.ploan3" finished-at="2022-09-12T22:56:40Z">
          <reporter-output>
          </reporter-output>
        </test-method> <!-- perloan4 -->
        <test-method status="PASS" signature="beforeMethod()[pri:0, instance:testNGTutorial.day2@2ed0fbae]" name="beforeMethod" is-config="true" duration-ms="0" started-at="2022-09-12T22:56:40Z" finished-at="2022-09-12T22:56:40Z">
          <reporter-output>
          </reporter-output>
        </test-method> <!-- beforeMethod -->
        <test-method status="PASS" signature="afterMethod()[pri:0, instance:testNGTutorial.day2@2ed0fbae]" name="afterMethod" is-config="true" duration-ms="1" started-at="2022-09-12T22:56:40Z" finished-at="2022-09-12T22:56:40Z">
          <reporter-output>
          </reporter-output>
        </test-method> <!-- afterMethod -->
        <test-method status="PASS" signature="afterTest()[pri:0, instance:testNGTutorial.day2@2ed0fbae]" name="afterTest" is-config="true" duration-ms="1" started-at="2022-09-12T22:56:40Z" finished-at="2022-09-12T22:56:40Z">
          <reporter-output>
          </reporter-output>
        </test-method> <!-- afterTest -->
        <test-method status="PASS" signature="afterClass()[pri:0, instance:testNGTutorial.day2@2ed0fbae]" name="afterClass" is-config="true" duration-ms="0" started-at="2022-09-12T22:56:40Z" finished-at="2022-09-12T22:56:40Z">
          <reporter-output>
          </reporter-output>
        </test-method> <!-- afterClass -->
      </class> <!-- testNGTutorial.day2 -->
    </test> <!-- Default test -->
  </suite> <!-- Default suite -->
</testng-results>
